<?xml version="1.0" encoding="UTF-8"?>
<testng-results ignored="0" total="0" passed="0" failed="0" skipped="0">
  <reporter-output>
  </reporter-output>
  <suite started-at="2024-09-04T01:26:39 IST" name="runner.Testrunner" finished-at="2024-09-04T01:26:39 IST" duration-ms="26">
    <groups>
    </groups>
    <test started-at="2024-09-04T01:26:39 IST" name="Command line test" finished-at="2024-09-04T01:26:39 IST" duration-ms="26">
    </test> <!-- Command line test -->
  </suite> <!-- runner.Testrunner -->
</testng-results>
